
================================================================
======== txAdmin v6.0.2 atop fxserver 7290 Starting - 8/10/2024, 2:28:56 PM
================================================================
[14:29:43][DAMIGHTY] created admins file
[14:30:23][DAMIGHTY] Changing global settings via setup stepper and started Deployer.
[14:30:33][DAMIGHTY] Setting recipe.
[14:31:49][DAMIGHTY] Running recipe.
[14:47:26][DAMIGHTY] Completed and committed server deploy.

================================================================
======== txAdmin v6.0.2 atop fxserver 7290 Starting - 8/10/2024, 3:24:13 PM
================================================================
[15:24:44][DAMIGHTY] logged in from 127.0.0.1 via password
[15:24:52][DAMIGHTY] executed "convertinventory qb"
[15:25:52][DAMIGHTY] executed "RESTART SERVER"
[15:26:58][DAMIGHTY] executed "convertinventory qb"
[15:33:14][DAMIGHTY] executed "RESTART SERVER"
[15:34:17][DAMIGHTY] executed "convertinventory qb"

================================================================
======== txAdmin v6.0.2 atop fxserver 7290 Starting - 8/10/2024, 3:38:49 PM
================================================================
[15:39:12][DAMIGHTY] logged in from 127.0.0.1 via password
[15:39:22][DAMIGHTY] executed "convertinventory qb"

================================================================
======== txAdmin v6.0.2 atop fxserver 7290 Starting - 8/10/2024, 4:18:28 PM
================================================================
[16:19:05][DAMIGHTY] logged in from 127.0.0.1 via password
[16:21:51][DAMIGHTY] logged in via in-game ui
[16:29:44][DAMIGHTY] executed "RESTART SERVER"

================================================================
======== txAdmin v6.0.2 atop fxserver 7290 Starting - 8/10/2024, 6:01:45 PM
================================================================
[18:02:49][DAMIGHTY] logged in from 127.0.0.1 via password
[18:06:59][DAMIGHTY] executed "START SERVER"

================================================================
======== txAdmin v6.0.2 atop fxserver 7290 Starting - 8/10/2024, 6:11:46 PM
================================================================
[18:12:34][DAMIGHTY] logged in from 127.0.0.1 via password
[18:13:39][DAMIGHTY] Changing fxRunner settings.

================================================================
======== txAdmin v6.0.2 atop fxserver 7290 Starting - 8/10/2024, 6:16:40 PM
================================================================
[18:17:41][DAMIGHTY] logged in from 127.0.0.1 via password
[18:24:32][DAMIGHTY] logged in via in-game ui
[18:31:53][DAMIGHTY] logged in from via NUI iframe
[18:50:53][DAMIGHTY] executed "STOP SERVER"

================================================================
======== txAdmin v6.0.2 atop fxserver 7290 Starting - 8/10/2024, 7:11:15 PM
================================================================
[19:11:46][DAMIGHTY] logged in from 127.0.0.1 via password
[19:13:06][DAMIGHTY] logged in via in-game ui

================================================================
======== txAdmin v6.0.2 atop fxserver 7290 Starting - 8/10/2024, 11:12:58 PM
================================================================
[23:14:35][DAMIGHTY] logged in via in-game ui

================================================================
======== txAdmin v6.0.2 atop fxserver 7290 Starting - 8/10/2024, 11:33:52 PM
================================================================
[23:35:29][DAMIGHTY] logged in via in-game ui
[23:51:30][DAMIGHTY] logged in from 127.0.0.1 via password
[23:51:36][DAMIGHTY] executed "RESTART SERVER"

================================================================
======== txAdmin v6.0.2 atop fxserver 7290 Starting - 8/10/2024, 11:56:33 PM
================================================================
[23:58:17][DAMIGHTY] logged in via in-game ui
[00:05:21][DAMIGHTY] logged in from via NUI iframe
[00:05:36][DAMIGHTY] executed "RESTART SERVER"
[00:06:11][DAMIGHTY] logged in from 127.0.0.1 via password
[00:06:14][DAMIGHTY] executed "RESTART SERVER"
[00:07:07][DAMIGHTY] logged in via in-game ui

================================================================
======== txAdmin v6.0.2 atop fxserver 7290 Starting - 8/11/2024, 4:32:56 AM
================================================================
[04:34:02][DAMIGHTY] logged in from 127.0.0.1 via password
[04:36:27][DAMIGHTY] logged in via in-game ui

================================================================
======== txAdmin v6.0.2 atop fxserver 7290 Starting - 8/11/2024, 4:59:08 AM
================================================================

================================================================
======== txAdmin v6.0.2 atop fxserver 7290 Starting - 8/11/2024, 3:07:53 PM
================================================================
[15:08:57][DAMIGHTY] logged in from 127.0.0.1 via password

================================================================
======== txAdmin v6.0.2 atop fxserver 7290 Starting - 8/11/2024, 3:13:22 PM
================================================================
[15:13:29][DAMIGHTY] logged in from 127.0.0.1 via password
[15:14:47][DAMIGHTY] logged in via in-game ui
[15:17:12][DAMIGHTY] executed "RESTART SERVER"
[15:18:04][DAMIGHTY] logged in via in-game ui

================================================================
======== txAdmin v6.0.2 atop fxserver 7290 Starting - 8/11/2024, 5:20:23 PM
================================================================
[17:25:28][DAMIGHTY] logged in from 127.0.0.1 via password

================================================================
======== txAdmin v6.0.2 atop fxserver 7290 Starting - 8/11/2024, 5:27:48 PM
================================================================
[17:31:56][DAMIGHTY] logged in from 127.0.0.1 via password
[17:33:23][DAMIGHTY] logged in via in-game ui
[17:53:43][DAMIGHTY] logged in from via NUI iframe
[17:54:01][DAMIGHTY] Warned player [1] DAMIGHTY: aslo
[19:05:25][DAMIGHTY] logged in via in-game ui

================================================================
======== txAdmin v6.0.2 atop fxserver 7290 Starting - 8/11/2024, 7:21:39 PM
================================================================
[19:23:07][DAMIGHTY] logged in via in-game ui

================================================================
======== txAdmin v6.0.2 atop fxserver 7290 Starting - 8/11/2024, 8:00:43 PM
================================================================
[20:02:42][DAMIGHTY] logged in via in-game ui

================================================================
======== txAdmin v6.0.2 atop fxserver 7290 Starting - 8/11/2024, 11:42:46 PM
================================================================
[23:44:38][DAMIGHTY] logged in via in-game ui
