
================================================================
======== txAdmin v6.0.2 atop fxserver 7290 Starting - 8/20/2024, 10:04:19 AM
================================================================

================================================================
======== Log Rotated - 8/20/2024, 10:04:19 AM                   
================================================================
[10:07:20][DAMIGHTY] logged in from 127.0.0.1 via password
[10:07:26][DAMIGHTY] executed "RESTART SERVER"
[10:08:31][DAMIGHTY] executed "RESTART SERVER"
[10:10:02][DAMIGHTY] logged in via in-game ui
[10:19:15][DAMIGHTY] executed "RESTART SERVER"
[10:22:12][DAMIGHTY] logged in via in-game ui

================================================================
======== txAdmin v6.0.2 atop fxserver 7290 Starting - 8/20/2024, 3:37:22 PM
================================================================
[15:39:23][DAMIGHTY] logged in via in-game ui

================================================================
======== txAdmin v6.0.2 atop fxserver 7290 Starting - 8/20/2024, 9:28:27 PM
================================================================
[21:29:54][DAMIGHTY] logged in via in-game ui

================================================================
======== txAdmin v6.0.2 atop fxserver 7290 Starting - 8/20/2024, 11:16:55 PM
================================================================
[23:18:15][DAMIGHTY] logged in via in-game ui
