
================================================================
======== txAdmin v6.0.2 atop fxserver 7290 Starting - 8/13/2024, 12:08:42 AM
================================================================

================================================================
======== Log Rotated - 8/13/2024, 12:08:42 AM                   
================================================================

================================================================
======== txAdmin v6.0.2 atop fxserver 7290 Starting - 8/13/2024, 12:20:33 AM
================================================================
[00:21:53][DAMIGHTY] logged in via in-game ui

================================================================
======== txAdmin v6.0.2 atop fxserver 7290 Starting - 8/13/2024, 12:30:29 AM
================================================================
[00:32:41][DAMIGHTY] logged in via in-game ui

================================================================
======== txAdmin v6.0.2 atop fxserver 7290 Starting - 8/13/2024, 1:31:53 AM
================================================================
[01:43:23][DAMIGHTY] logged in via in-game ui

================================================================
======== txAdmin v6.0.2 atop fxserver 7290 Starting - 8/13/2024, 2:10:23 AM
================================================================

================================================================
======== txAdmin v6.0.2 atop fxserver 7290 Starting - 8/13/2024, 2:37:21 AM
================================================================

================================================================
======== txAdmin v6.0.2 atop fxserver 7290 Starting - 8/13/2024, 2:50:27 AM
================================================================
[02:51:37][DAMIGHTY] logged in via in-game ui

================================================================
======== txAdmin v6.0.2 atop fxserver 7290 Starting - 8/13/2024, 3:01:14 AM
================================================================
[03:03:40][DAMIGHTY] logged in via in-game ui

================================================================
======== txAdmin v6.0.2 atop fxserver 7290 Starting - 8/13/2024, 9:22:48 AM
================================================================
[09:23:52][DAMIGHTY] logged in via in-game ui
[09:25:32][DAMIGHTY] logged in from 127.0.0.1 via password
[09:32:45][DAMIGHTY] logged in via in-game ui
[09:36:47][DAMIGHTY] executed "RESTART SERVER"
[09:38:00][DAMIGHTY] logged in via in-game ui
[09:38:57][DAMIGHTY] logged in via in-game ui
[09:46:14][DAMIGHTY] logged in via in-game ui
[09:54:09][DAMIGHTY] executed "RESTART SERVER"
[09:55:09][DAMIGHTY] logged in via in-game ui
[10:02:08][DAMIGHTY] logged in via in-game ui
[10:07:28][DAMIGHTY] logged in via in-game ui
[10:10:18][DAMIGHTY] logged in via in-game ui

================================================================
======== txAdmin v6.0.2 atop fxserver 7290 Starting - 8/13/2024, 1:10:28 PM
================================================================
[13:12:34][DAMIGHTY] logged in via in-game ui
[13:13:39][DAMIGHTY] logged in via in-game ui
[13:15:48][DAMIGHTY] logged in via in-game ui

================================================================
======== txAdmin v6.0.2 atop fxserver 7290 Starting - 8/13/2024, 3:29:56 PM
================================================================
[17:05:33][DAMIGHTY] logged in via in-game ui
[17:15:42][DAMIGHTY] logged in from 127.0.0.1 via password
[17:15:47][DAMIGHTY] executed "RESTART SERVER"
[17:16:43][DAMIGHTY] logged in via in-game ui
[17:22:01][DAMIGHTY] logged in via in-game ui

================================================================
======== txAdmin v6.0.2 atop fxserver 7290 Starting - 8/13/2024, 5:46:56 PM
================================================================
[17:48:26][DAMIGHTY] logged in via in-game ui

================================================================
======== txAdmin v6.0.2 atop fxserver 7290 Starting - 8/13/2024, 7:43:28 PM
================================================================
[19:45:11][DAMIGHTY] logged in via in-game ui
