
================================================================
======== txAdmin v6.0.2 atop fxserver 7290 Starting - 8/12/2024, 12:00:19 AM
================================================================

================================================================
======== Log Rotated - 8/12/2024, 12:00:19 AM                   
================================================================
[00:02:43][DAMIGHTY] logged in via in-game ui

================================================================
======== txAdmin v6.0.2 atop fxserver 7290 Starting - 8/12/2024, 12:22:07 AM
================================================================
[00:24:26][DAMIGHTY] logged in via in-game ui
[00:29:39][DAMIGHTY] logged in via in-game ui
[00:34:06][DAMIGHTY] logged in via in-game ui

================================================================
======== txAdmin v6.0.2 atop fxserver 7290 Starting - 8/12/2024, 3:32:25 AM
================================================================
[03:34:08][DAMIGHTY] logged in via in-game ui
[03:37:15][DAMIGHTY] logged in from via NUI iframe

================================================================
======== txAdmin v6.0.2 atop fxserver 7290 Starting - 8/12/2024, 9:33:44 PM
================================================================
[21:36:14][DAMIGHTY] logged in via in-game ui

================================================================
======== txAdmin v6.0.2 atop fxserver 7290 Starting - 8/12/2024, 11:34:51 PM
================================================================
[23:35:56][DAMIGHTY] logged in via in-game ui

================================================================
======== txAdmin v6.0.2 atop fxserver 7290 Starting - 8/12/2024, 11:41:39 PM
================================================================

================================================================
======== txAdmin v6.0.2 atop fxserver 7290 Starting - 8/12/2024, 11:46:19 PM
================================================================
[23:47:26][DAMIGHTY] logged in via in-game ui

================================================================
======== txAdmin v6.0.2 atop fxserver 7290 Starting - 8/12/2024, 11:50:17 PM
================================================================

================================================================
======== txAdmin v6.0.2 atop fxserver 7290 Starting - 8/12/2024, 11:51:38 PM
================================================================
[23:52:51][DAMIGHTY] logged in via in-game ui
