
================================================================
======== txAdmin Starting - 8/20/2024, 10:04:19 AM              
================================================================

================================================================
======== Log Rotated - 8/20/2024, 10:04:19 AM                   
================================================================
[10:04:45 AM] txAdmin: Logger started
[10:07:36 AM] txAdmin: Logger started
[10:08:41 AM] txAdmin: Logger started
[10:09:36 AM] [tGCWx#1] DAMIGHTY: joined with identifiers [license:bdd4f04a75097c2760232c3080086c8c7cfcd243; xbl:2535463201100493; live:1688852476113639; discord:268594002046091274; fivem:7505702; license2:bdd4f04a75097c2760232c3080086c8c7cfcd243]
[10:12:39 AM] [tGCWx#1] DAMIGHTY: said "/passport"
[10:19:15 AM] [tGCWx#1] DAMIGHTY: disconnected ([txAdmin] Server restarting (requested by DAMIGHTY).)
[10:19:30 AM] txAdmin: Logger started
[10:21:52 AM] [WtCiF#1] DAMIGHTY: joined with identifiers [license:bdd4f04a75097c2760232c3080086c8c7cfcd243; xbl:2535463201100493; live:1688852476113639; discord:268594002046091274; fivem:7505702; license2:bdd4f04a75097c2760232c3080086c8c7cfcd243]
[11:28:32 AM] [WtCiF#1] DAMIGHTY: died from suicide (Falling)
[11:48:34 AM] [WtCiF#1] DAMIGHTY: disconnected (Exiting)

================================================================
======== txAdmin Starting - 8/20/2024, 3:37:22 PM               
================================================================
[3:37:45 PM] txAdmin: Logger started
[3:39:02 PM] [bW6cq#1] DAMIGHTY: joined with identifiers [license:bdd4f04a75097c2760232c3080086c8c7cfcd243; xbl:2535463201100493; live:1688852476113639; discord:268594002046091274; fivem:7505702; license2:bdd4f04a75097c2760232c3080086c8c7cfcd243]
[3:41:18 PM] [bW6cq#1] DAMIGHTY: disconnected (Exiting)

================================================================
======== txAdmin Starting - 8/20/2024, 9:28:27 PM               
================================================================
[9:28:56 PM] txAdmin: Logger started
[9:29:32 PM] [aAwPr#1] DAMIGHTY: joined with identifiers [license:bdd4f04a75097c2760232c3080086c8c7cfcd243; xbl:2535463201100493; live:1688852476113639; discord:268594002046091274; fivem:7505702; license2:bdd4f04a75097c2760232c3080086c8c7cfcd243]
[9:31:17 PM] [aAwPr#1] DAMIGHTY: said "/showid"
[9:34:26 PM] [aAwPr#1] DAMIGHTY: disconnected (Disconnected.)

================================================================
======== txAdmin Starting - 8/20/2024, 11:16:55 PM              
================================================================
[11:17:12 PM] txAdmin: Logger started
[11:17:55 PM] [gpPHj#1] DAMIGHTY: joined with identifiers [license:bdd4f04a75097c2760232c3080086c8c7cfcd243; xbl:2535463201100493; live:1688852476113639; discord:268594002046091274; fivem:7505702; license2:bdd4f04a75097c2760232c3080086c8c7cfcd243]
[11:45:15 PM] [gpPHj#1] DAMIGHTY: disconnected (Exiting)
