
================================================================
======== txAdmin Starting - 8/13/2024, 12:08:42 AM              
================================================================

================================================================
======== Log Rotated - 8/13/2024, 12:08:42 AM                   
================================================================
[12:09:01 AM] txAdmin: Logger started
[12:09:26 AM] [CmLzt#1] DAMIGHTY: joined with identifiers [license:bdd4f04a75097c2760232c3080086c8c7cfcd243; xbl:2535463201100493; live:1688852476113639; discord:268594002046091274; fivem:7505702; license2:bdd4f04a75097c2760232c3080086c8c7cfcd243]
[12:09:35 AM] [CmLzt#1] DAMIGHTY: disconnected (Exiting)

================================================================
======== txAdmin Starting - 8/13/2024, 12:20:33 AM              
================================================================
[12:20:56 AM] txAdmin: Logger started
[12:21:37 AM] [C6BtF#1] DAMIGHTY: joined with identifiers [license:bdd4f04a75097c2760232c3080086c8c7cfcd243; xbl:2535463201100493; live:1688852476113639; discord:268594002046091274; fivem:7505702; license2:bdd4f04a75097c2760232c3080086c8c7cfcd243]
[12:22:06 AM] [C6BtF#1] DAMIGHTY: disconnected (Disconnected.)

================================================================
======== txAdmin Starting - 8/13/2024, 12:30:29 AM              
================================================================
[12:30:43 AM] txAdmin: Logger started
[12:32:28 AM] [hAVwy#1] DAMIGHTY: joined with identifiers [license:bdd4f04a75097c2760232c3080086c8c7cfcd243; xbl:2535463201100493; live:1688852476113639; discord:268594002046091274; fivem:7505702; license2:bdd4f04a75097c2760232c3080086c8c7cfcd243]
[12:32:43 AM] [hAVwy#1] DAMIGHTY: disconnected (Disconnected.)

================================================================
======== txAdmin Starting - 8/13/2024, 1:31:53 AM               
================================================================
[1:32:08 AM] txAdmin: Logger started
[1:43:09 AM] [UUcez#1] DAMIGHTY: joined with identifiers [license:bdd4f04a75097c2760232c3080086c8c7cfcd243; xbl:2535463201100493; live:1688852476113639; discord:268594002046091274; fivem:7505702; license2:bdd4f04a75097c2760232c3080086c8c7cfcd243]
[1:54:41 AM] [UUcez#1] DAMIGHTY: disconnected (Exiting)

================================================================
======== txAdmin Starting - 8/13/2024, 2:10:23 AM               
================================================================
[2:10:37 AM] txAdmin: Logger started

================================================================
======== txAdmin Starting - 8/13/2024, 2:37:21 AM               
================================================================
[2:37:35 AM] txAdmin: Logger started

================================================================
======== txAdmin Starting - 8/13/2024, 2:50:27 AM               
================================================================
[2:50:41 AM] txAdmin: Logger started
[2:51:21 AM] [fzktq#1] DAMIGHTY: joined with identifiers [license:bdd4f04a75097c2760232c3080086c8c7cfcd243; xbl:2535463201100493; live:1688852476113639; discord:268594002046091274; fivem:7505702; license2:bdd4f04a75097c2760232c3080086c8c7cfcd243]
[2:54:53 AM] [fzktq#1] DAMIGHTY: disconnected (Exiting)

================================================================
======== txAdmin Starting - 8/13/2024, 3:01:14 AM               
================================================================
[3:01:28 AM] txAdmin: Logger started
[3:03:24 AM] [JJqzk#1] DAMIGHTY: joined with identifiers [license:bdd4f04a75097c2760232c3080086c8c7cfcd243; xbl:2535463201100493; live:1688852476113639; discord:268594002046091274; fivem:7505702; license2:bdd4f04a75097c2760232c3080086c8c7cfcd243]
[3:14:35 AM] [JJqzk#1] DAMIGHTY: said "/e crossarms"
[3:14:56 AM] [JJqzk#1] DAMIGHTY: disconnected (Exiting)

================================================================
======== txAdmin Starting - 8/13/2024, 9:22:48 AM               
================================================================
[9:23:11 AM] txAdmin: Logger started
[9:23:33 AM] [XTBjK#1] DAMIGHTY: joined with identifiers [license:bdd4f04a75097c2760232c3080086c8c7cfcd243; xbl:2535463201100493; live:1688852476113639; discord:268594002046091274; fivem:7505702; license2:bdd4f04a75097c2760232c3080086c8c7cfcd243]
[9:24:04 AM] [XTBjK#1] DAMIGHTY: disconnected (Disconnected.)
[9:32:28 AM] [XTBjK#2] DAMIGHTY: joined with identifiers [license:bdd4f04a75097c2760232c3080086c8c7cfcd243; xbl:2535463201100493; live:1688852476113639; discord:268594002046091274; fivem:7505702; license2:bdd4f04a75097c2760232c3080086c8c7cfcd243]
[9:36:47 AM] [XTBjK#2] DAMIGHTY: disconnected ([txAdmin] Server restarting (requested by DAMIGHTY).)
[9:36:57 AM] txAdmin: Logger started
[9:37:43 AM] [zfrP7#1] DAMIGHTY: joined with identifiers [license:bdd4f04a75097c2760232c3080086c8c7cfcd243; xbl:2535463201100493; live:1688852476113639; discord:268594002046091274; fivem:7505702; license2:bdd4f04a75097c2760232c3080086c8c7cfcd243]
[9:38:06 AM] [zfrP7#1] DAMIGHTY: disconnected (Disconnected.)
[9:38:38 AM] [zfrP7#2] DAMIGHTY: joined with identifiers [license:bdd4f04a75097c2760232c3080086c8c7cfcd243; xbl:2535463201100493; live:1688852476113639; discord:268594002046091274; fivem:7505702; license2:bdd4f04a75097c2760232c3080086c8c7cfcd243]
[9:45:23 AM] [zfrP7#2] DAMIGHTY: disconnected (Exiting)
[9:45:53 AM] [zfrP7#3] DAMIGHTY: joined with identifiers [license:bdd4f04a75097c2760232c3080086c8c7cfcd243; xbl:2535463201100493; live:1688852476113639; discord:268594002046091274; fivem:7505702; license2:bdd4f04a75097c2760232c3080086c8c7cfcd243]
[9:53:58 AM] [zfrP7#3] DAMIGHTY: disconnected (Exiting)
[9:54:21 AM] txAdmin: Logger started
[9:54:49 AM] [ACLyy#1] DAMIGHTY: joined with identifiers [license:bdd4f04a75097c2760232c3080086c8c7cfcd243; xbl:2535463201100493; live:1688852476113639; discord:268594002046091274; fivem:7505702; license2:bdd4f04a75097c2760232c3080086c8c7cfcd243]
[10:01:26 AM] [ACLyy#1] DAMIGHTY: disconnected (Exiting)
[10:01:49 AM] [ACLyy#2] DAMIGHTY: joined with identifiers [license:bdd4f04a75097c2760232c3080086c8c7cfcd243; xbl:2535463201100493; live:1688852476113639; discord:268594002046091274; fivem:7505702; license2:bdd4f04a75097c2760232c3080086c8c7cfcd243]
[10:02:17 AM] [ACLyy#2] DAMIGHTY: disconnected (Disconnected.)
[10:07:08 AM] [ACLyy#3] DAMIGHTY: joined with identifiers [license:bdd4f04a75097c2760232c3080086c8c7cfcd243; xbl:2535463201100493; live:1688852476113639; discord:268594002046091274; fivem:7505702; license2:bdd4f04a75097c2760232c3080086c8c7cfcd243]
[10:09:19 AM] [ACLyy#3] DAMIGHTY: disconnected (Exiting)
[10:10:01 AM] [ACLyy#4] DAMIGHTY: joined with identifiers [license:bdd4f04a75097c2760232c3080086c8c7cfcd243; xbl:2535463201100493; live:1688852476113639; discord:268594002046091274; fivem:7505702; license2:bdd4f04a75097c2760232c3080086c8c7cfcd243]
[10:10:21 AM] [ACLyy#4] DAMIGHTY: disconnected (Exiting)

================================================================
======== txAdmin Starting - 8/13/2024, 1:10:28 PM               
================================================================
[1:10:50 PM] txAdmin: Logger started
[1:12:15 PM] [kJDUt#1] DAMIGHTY: joined with identifiers [license:bdd4f04a75097c2760232c3080086c8c7cfcd243; xbl:2535463201100493; live:1688852476113639; discord:268594002046091274; fivem:7505702; license2:bdd4f04a75097c2760232c3080086c8c7cfcd243]
[1:12:54 PM] [kJDUt#1] DAMIGHTY: disconnected (Exiting)
[1:13:23 PM] [kJDUt#2] DAMIGHTY: joined with identifiers [license:bdd4f04a75097c2760232c3080086c8c7cfcd243; xbl:2535463201100493; live:1688852476113639; discord:268594002046091274; fivem:7505702; license2:bdd4f04a75097c2760232c3080086c8c7cfcd243]
[1:13:49 PM] [kJDUt#2] DAMIGHTY: disconnected (Disconnected.)
[1:15:32 PM] [kJDUt#3] DAMIGHTY: joined with identifiers [license:bdd4f04a75097c2760232c3080086c8c7cfcd243; xbl:2535463201100493; live:1688852476113639; discord:268594002046091274; fivem:7505702; license2:bdd4f04a75097c2760232c3080086c8c7cfcd243]
[1:19:36 PM] [kJDUt#3] DAMIGHTY: disconnected (Exiting)

================================================================
======== txAdmin Starting - 8/13/2024, 3:29:56 PM               
================================================================
[3:30:17 PM] txAdmin: Logger started
[3:32:54 PM] [t8Faf#1] DAMIGHTY: joined with identifiers [license:bdd4f04a75097c2760232c3080086c8c7cfcd243; xbl:2535463201100493; live:1688852476113639; discord:268594002046091274; fivem:7505702; license2:bdd4f04a75097c2760232c3080086c8c7cfcd243]
[3:33:10 PM] [t8Faf#1] DAMIGHTY: disconnected (Disconnected.)
[3:54:52 PM] [t8Faf#2] DAMIGHTY: joined with identifiers [license:bdd4f04a75097c2760232c3080086c8c7cfcd243; xbl:2535463201100493; live:1688852476113639; discord:268594002046091274; fivem:7505702; license2:bdd4f04a75097c2760232c3080086c8c7cfcd243]
[3:54:57 PM] [t8Faf#2] DAMIGHTY: disconnected (Disconnected.)
[5:05:20 PM] [t8Faf#3] DAMIGHTY: joined with identifiers [license:bdd4f04a75097c2760232c3080086c8c7cfcd243; xbl:2535463201100493; live:1688852476113639; discord:268594002046091274; fivem:7505702; license2:bdd4f04a75097c2760232c3080086c8c7cfcd243]
[5:05:42 PM] [t8Faf#3] DAMIGHTY: disconnected (Disconnected.)
[5:15:58 PM] txAdmin: Logger started
[5:16:29 PM] [77t89#1] DAMIGHTY: joined with identifiers [license:bdd4f04a75097c2760232c3080086c8c7cfcd243; xbl:2535463201100493; live:1688852476113639; discord:268594002046091274; fivem:7505702; license2:bdd4f04a75097c2760232c3080086c8c7cfcd243]
[5:16:48 PM] [77t89#1] DAMIGHTY: disconnected (Game crashed: GTA5_b2944.exe!sub_14165E088 (0x4b))
[5:20:50 PM] [77t89#2] DAMIGHTY: joined with identifiers [license:bdd4f04a75097c2760232c3080086c8c7cfcd243; xbl:2535463201100493; live:1688852476113639; discord:268594002046091274; fivem:7505702; license2:bdd4f04a75097c2760232c3080086c8c7cfcd243]
[5:21:02 PM] [77t89#2] DAMIGHTY: disconnected (Disconnected.)
[5:21:48 PM] [77t89#3] DAMIGHTY: joined with identifiers [license:bdd4f04a75097c2760232c3080086c8c7cfcd243; xbl:2535463201100493; live:1688852476113639; discord:268594002046091274; fivem:7505702; license2:bdd4f04a75097c2760232c3080086c8c7cfcd243]
[5:26:53 PM] [77t89#3] DAMIGHTY: disconnected (Game crashed: GTA5_b2944.exe!sub_140538770 (0xd5))

================================================================
======== txAdmin Starting - 8/13/2024, 5:46:56 PM               
================================================================
[5:47:29 PM] txAdmin: Logger started
[5:48:08 PM] [VV8zF#1] DAMIGHTY: joined with identifiers [license:bdd4f04a75097c2760232c3080086c8c7cfcd243; xbl:2535463201100493; live:1688852476113639; discord:268594002046091274; fivem:7505702; license2:bdd4f04a75097c2760232c3080086c8c7cfcd243]
[5:56:10 PM] [VV8zF#1] DAMIGHTY: disconnected (Exiting)

================================================================
======== txAdmin Starting - 8/13/2024, 7:43:28 PM               
================================================================
[7:43:43 PM] txAdmin: Logger started
[7:44:51 PM] [aaktH#1] DAMIGHTY: joined with identifiers [license:bdd4f04a75097c2760232c3080086c8c7cfcd243; xbl:2535463201100493; live:1688852476113639; discord:268594002046091274; fivem:7505702; license2:bdd4f04a75097c2760232c3080086c8c7cfcd243]
[7:46:41 PM] [aaktH#1] DAMIGHTY: disconnected (Exiting)
