
================================================================
======== txAdmin Starting - 8/23/2024, 3:24:15 PM               
================================================================

================================================================
======== Log Rotated - 8/23/2024, 3:24:15 PM                    
================================================================
[3:24:38 PM] txAdmin: Logger started
[3:25:49 PM] [cdx3t#1] DAMIGHTY: joined with identifiers [license:bdd4f04a75097c2760232c3080086c8c7cfcd243; xbl:2535463201100493; live:1688852476113639; discord:268594002046091274; fivem:7505702; license2:bdd4f04a75097c2760232c3080086c8c7cfcd243]
[3:34:54 PM] [cdx3t#1] DAMIGHTY: disconnected (Exiting)
[3:35:13 PM] txAdmin: Logger started
[3:45:39 PM] [YjQT3#1] DAMIGHTY: joined with identifiers [license:bdd4f04a75097c2760232c3080086c8c7cfcd243; xbl:2535463201100493; live:1688852476113639; discord:268594002046091274; fivem:7505702; license2:bdd4f04a75097c2760232c3080086c8c7cfcd243]
[4:13:15 PM] [YjQT3#1] DAMIGHTY: disconnected ([txAdmin] Server restarting (requested by DAMIGHTY).)
[4:13:25 PM] txAdmin: Logger started
[4:17:13 PM] [Gfa7H#1] DAMIGHTY: joined with identifiers [license:bdd4f04a75097c2760232c3080086c8c7cfcd243; xbl:2535463201100493; live:1688852476113639; discord:268594002046091274; fivem:7505702; license2:bdd4f04a75097c2760232c3080086c8c7cfcd243]
[4:21:27 PM] [Gfa7H#1] DAMIGHTY: said "/hairr"
[4:24:59 PM] [Gfa7H#1] DAMIGHTY: caused an explosion (CAR)
[4:24:59 PM] [Gfa7H#1] DAMIGHTY: caused an explosion (PETROL_PUMP)
[4:24:59 PM] [Gfa7H#1] DAMIGHTY: caused an explosion (PETROL_PUMP)
[4:24:59 PM] [Gfa7H#1] DAMIGHTY: died from suicide (Explosion)
[4:49:10 PM] [Gfa7H#1] DAMIGHTY: disconnected (Exiting)
[4:49:38 PM] txAdmin: Logger started
[4:50:16 PM] [ffig8#1] DAMIGHTY: joined with identifiers [license:bdd4f04a75097c2760232c3080086c8c7cfcd243; xbl:2535463201100493; live:1688852476113639; discord:268594002046091274; fivem:7505702; license2:bdd4f04a75097c2760232c3080086c8c7cfcd243]
[5:07:31 PM] [ffig8#1] DAMIGHTY: disconnected (Exiting)
[5:09:05 PM] txAdmin: Logger started
[5:09:39 PM] [BpCH9#1] DAMIGHTY: joined with identifiers [license:bdd4f04a75097c2760232c3080086c8c7cfcd243; xbl:2535463201100493; live:1688852476113639; discord:268594002046091274; fivem:7505702; license2:bdd4f04a75097c2760232c3080086c8c7cfcd243]
[5:11:37 PM] [BpCH9#1] DAMIGHTY: caused an explosion (PETROL_PUMP)
[5:11:37 PM] [BpCH9#1] DAMIGHTY: caused an explosion (CAR)
[5:12:18 PM] [BpCH9#1] DAMIGHTY: died from suicide (Falling)
[5:14:07 PM] [BpCH9#1] DAMIGHTY: died from suicide (Falling)
[5:30:11 PM] [BpCH9#1] DAMIGHTY: disconnected (Exiting)
[5:30:33 PM] txAdmin: Logger started
[5:31:49 PM] [FJLw8#1] DAMIGHTY: joined with identifiers [license:bdd4f04a75097c2760232c3080086c8c7cfcd243; xbl:2535463201100493; live:1688852476113639; discord:268594002046091274; fivem:7505702; license2:bdd4f04a75097c2760232c3080086c8c7cfcd243]
[5:35:24 PM] [FJLw8#1] DAMIGHTY: said "compass:hide"
[5:36:47 PM] [FJLw8#1] DAMIGHTY: said "/smoke"
[5:36:50 PM] [FJLw8#1] DAMIGHTY: said "/smoke"
[5:36:53 PM] [FJLw8#1] DAMIGHTY: said "smoke"
[5:37:10 PM] [FJLw8#1] DAMIGHTY: disconnected ([txAdmin] Server restarting (requested by DAMIGHTY).)
[5:37:20 PM] txAdmin: Logger started
[5:39:09 PM] [qymJA#1] DAMIGHTY: joined with identifiers [license:bdd4f04a75097c2760232c3080086c8c7cfcd243; xbl:2535463201100493; live:1688852476113639; discord:268594002046091274; fivem:7505702; license2:bdd4f04a75097c2760232c3080086c8c7cfcd243]
[5:41:12 PM] [qymJA#1] DAMIGHTY: said "/cart comet"
[5:42:00 PM] [qymJA#1] DAMIGHTY: said "/compass"
[5:47:01 PM] [qymJA#1] DAMIGHTY: disconnected ([txAdmin] Server restarting (requested by DAMIGHTY).)
[5:47:11 PM] txAdmin: Logger started
[5:48:13 PM] [WUcAn#1] DAMIGHTY: joined with identifiers [license:bdd4f04a75097c2760232c3080086c8c7cfcd243; xbl:2535463201100493; live:1688852476113639; discord:268594002046091274; fivem:7505702; license2:bdd4f04a75097c2760232c3080086c8c7cfcd243]
[5:50:30 PM] [WUcAn#1] DAMIGHTY: said "/hidecompass"
[5:50:33 PM] [WUcAn#1] DAMIGHTY: said "/hidecompass"
[6:03:23 PM] [WUcAn#1] DAMIGHTY: died from suicide (Falling)
[6:18:59 PM] [WUcAn#1] DAMIGHTY: disconnected ([txAdmin] Server restarting (requested by DAMIGHTY).)
[6:19:10 PM] txAdmin: Logger started
[6:19:52 PM] [GbUBK#1] DAMIGHTY: joined with identifiers [license:bdd4f04a75097c2760232c3080086c8c7cfcd243; xbl:2535463201100493; live:1688852476113639; discord:268594002046091274; fivem:7505702; license2:bdd4f04a75097c2760232c3080086c8c7cfcd243]
[6:37:07 PM] [GbUBK#1] DAMIGHTY: said "/Comet"
[6:40:55 PM] [GbUBK#1] DAMIGHTY: died from suicide (Falling)
[6:45:00 PM] [GbUBK#1] DAMIGHTY: said "/god"
[6:53:44 PM] [GbUBK#1] DAMIGHTY: disconnected ([txAdmin] Server restarting (requested by DAMIGHTY).)
[6:53:54 PM] txAdmin: Logger started
[6:54:23 PM] [dmWPA#1] DAMIGHTY: joined with identifiers [license:bdd4f04a75097c2760232c3080086c8c7cfcd243; xbl:2535463201100493; live:1688852476113639; discord:268594002046091274; fivem:7505702; license2:bdd4f04a75097c2760232c3080086c8c7cfcd243]
[7:13:34 PM] [dmWPA#1] DAMIGHTY: disconnected ([txAdmin] Server restarting (requested by DAMIGHTY).)
[7:13:58 PM] txAdmin: Logger started
[7:21:22 PM] txAdmin: Logger started
[7:21:55 PM] [bKqaf#1] DAMIGHTY: joined with identifiers [license:bdd4f04a75097c2760232c3080086c8c7cfcd243; xbl:2535463201100493; live:1688852476113639; discord:268594002046091274; fivem:7505702; license2:bdd4f04a75097c2760232c3080086c8c7cfcd243]
[7:24:12 PM] [bKqaf#1] DAMIGHTY: died from suicide (Falling)
[7:24:19 PM] [bKqaf#1] DAMIGHTY: said "revive"
[7:24:30 PM] [bKqaf#1] DAMIGHTY: died from suicide (Falling)
[7:27:42 PM] [bKqaf#1] DAMIGHTY: disconnected (Disconnected.)

================================================================
======== txAdmin Starting - 8/23/2024, 9:46:32 PM               
================================================================
[9:46:46 PM] txAdmin: Logger started
[9:47:16 PM] [FY9q3#1] DAMIGHTY: joined with identifiers [license:bdd4f04a75097c2760232c3080086c8c7cfcd243; xbl:2535463201100493; live:1688852476113639; discord:268594002046091274; fivem:7505702; license2:bdd4f04a75097c2760232c3080086c8c7cfcd243]
[10:10:39 PM] [FY9q3#1] DAMIGHTY: disconnected (Exiting)
[10:10:59 PM] txAdmin: Logger started
[10:11:28 PM] [Uf3EH#1] DAMIGHTY: joined with identifiers [license:bdd4f04a75097c2760232c3080086c8c7cfcd243; xbl:2535463201100493; live:1688852476113639; discord:268594002046091274; fivem:7505702; license2:bdd4f04a75097c2760232c3080086c8c7cfcd243]
[10:14:06 PM] [Uf3EH#1] DAMIGHTY: disconnected ([txAdmin] Server restarting (requested by DAMIGHTY).)
[10:14:18 PM] txAdmin: Logger started
[10:14:47 PM] [YAVPQ#1] DAMIGHTY: joined with identifiers [license:bdd4f04a75097c2760232c3080086c8c7cfcd243; xbl:2535463201100493; live:1688852476113639; discord:268594002046091274; fivem:7505702; license2:bdd4f04a75097c2760232c3080086c8c7cfcd243]
[10:16:20 PM] [YAVPQ#1] DAMIGHTY: died from suicide (Falling)
[10:16:26 PM] [YAVPQ#1] DAMIGHTY: said "/riveve"
[10:16:30 PM] [YAVPQ#1] DAMIGHTY: said "/riveve"
[10:16:35 PM] [YAVPQ#1] DAMIGHTY: said "/riveve"
[10:16:41 PM] [YAVPQ#1] DAMIGHTY: said "/rivive 1"
[10:30:35 PM] [YAVPQ#1] DAMIGHTY: disconnected ([txAdmin] Server restarting (requested by DAMIGHTY).)
[10:30:47 PM] txAdmin: Logger started
[10:31:18 PM] [xrUeX#1] DAMIGHTY: joined with identifiers [license:bdd4f04a75097c2760232c3080086c8c7cfcd243; xbl:2535463201100493; live:1688852476113639; discord:268594002046091274; fivem:7505702; license2:bdd4f04a75097c2760232c3080086c8c7cfcd243]
[10:40:46 PM] [xrUeX#1] DAMIGHTY: died from suicide (Falling)
[11:32:51 PM] [xrUeX#1] DAMIGHTY: disconnected (Exiting)
