
================================================================
======== txAdmin Starting - 8/10/2024, 2:28:56 PM               
================================================================
[2:47:32 PM] txAdmin: Logger started

================================================================
======== txAdmin Starting - 8/10/2024, 3:24:13 PM               
================================================================
[3:24:28 PM] txAdmin: Logger started
[3:26:02 PM] txAdmin: Logger started
[3:33:24 PM] txAdmin: Logger started

================================================================
======== txAdmin Starting - 8/10/2024, 3:38:49 PM               
================================================================
[3:39:03 PM] txAdmin: Logger started

================================================================
======== txAdmin Starting - 8/10/2024, 4:18:28 PM               
================================================================
[4:18:49 PM] txAdmin: Logger started
[4:21:31 PM] [7xPKM#1] DAMIGHTY: joined with identifiers [license:bdd4f04a75097c2760232c3080086c8c7cfcd243; xbl:2535463201100493; live:1688852476113639; discord:268594002046091274; fivem:7505702; license2:bdd4f04a75097c2760232c3080086c8c7cfcd243]
[4:29:44 PM] [7xPKM#1] DAMIGHTY: disconnected ([txAdmin] Server restarting (requested by DAMIGHTY).)
[4:29:55 PM] txAdmin: Logger started

================================================================
======== txAdmin Starting - 8/10/2024, 6:01:45 PM               
================================================================

================================================================
======== txAdmin Starting - 8/10/2024, 6:11:46 PM               
================================================================
