
================================================================
======== Log Rotated - 8/24/2024, 12:00:00 AM                   
================================================================

================================================================
======== txAdmin Starting - 8/24/2024, 1:09:53 PM               
================================================================
[1:10:21 PM] txAdmin: Logger started
[1:13:12 PM] [rbnym#1] DAMIGHTY: joined with identifiers [license:bdd4f04a75097c2760232c3080086c8c7cfcd243; xbl:2535463201100493; live:1688852476113639; discord:268594002046091274; fivem:7505702; license2:bdd4f04a75097c2760232c3080086c8c7cfcd243]
[1:34:40 PM] [rbnym#1] DAMIGHTY: disconnected (Disconnected.)
[1:38:12 PM] [rbnym#2] DAMIGHTY: joined with identifiers [license:bdd4f04a75097c2760232c3080086c8c7cfcd243; xbl:2535463201100493; live:1688852476113639; discord:268594002046091274; fivem:7505702; license2:bdd4f04a75097c2760232c3080086c8c7cfcd243]
[1:48:08 PM] [rbnym#2] DAMIGHTY: died from suicide (Drowned)
[2:08:02 PM] [rbnym#2] DAMIGHTY: said "/setmechanic "
[2:08:11 PM] [rbnym#2] DAMIGHTY: said "/setmechanic 1"
[2:08:13 PM] [rbnym#2] DAMIGHTY: said "/setmechanic 2"
[2:18:20 PM] [rbnym#2] DAMIGHTY: disconnected (Exiting)

================================================================
======== txAdmin Starting - 8/24/2024, 5:45:46 PM               
================================================================
[5:46:16 PM] txAdmin: Logger started
[5:47:02 PM] txAdmin: Logger started
[5:47:49 PM] [YBDAb#1] DAMIGHTY: joined with identifiers [license:bdd4f04a75097c2760232c3080086c8c7cfcd243; xbl:2535463201100493; live:1688852476113639; discord:268594002046091274; fivem:7505702; license2:bdd4f04a75097c2760232c3080086c8c7cfcd243]
[5:50:06 PM] [YBDAb#1] DAMIGHTY: disconnected (Disconnected.)

================================================================
======== txAdmin Starting - 8/24/2024, 5:59:52 PM               
================================================================
[6:00:09 PM] txAdmin: Logger started
[6:02:12 PM] [xn3XT#1] DAMIGHTY: joined with identifiers [license:bdd4f04a75097c2760232c3080086c8c7cfcd243; xbl:2535463201100493; live:1688852476113639; discord:268594002046091274; fivem:7505702; license2:bdd4f04a75097c2760232c3080086c8c7cfcd243]
[6:06:32 PM] [xn3XT#1] DAMIGHTY: disconnected (Exiting)
[6:30:43 PM] [xn3XT#2] DAMIGHTY: joined with identifiers [license:bdd4f04a75097c2760232c3080086c8c7cfcd243; xbl:2535463201100493; live:1688852476113639; discord:268594002046091274; fivem:7505702; license2:bdd4f04a75097c2760232c3080086c8c7cfcd243]
[6:31:44 PM] [xn3XT#2] DAMIGHTY: disconnected (Exiting)
