
================================================================
======== txAdmin Starting - 8/14/2024, 12:50:46 AM              
================================================================

================================================================
======== Log Rotated - 8/14/2024, 12:50:46 AM                   
================================================================
[12:51:14 AM] txAdmin: Logger started
[12:59:20 AM] [DcpBz#1] DAMIGHTY: joined with identifiers [license:bdd4f04a75097c2760232c3080086c8c7cfcd243; xbl:2535463201100493; live:1688852476113639; discord:268594002046091274; fivem:7505702; license2:bdd4f04a75097c2760232c3080086c8c7cfcd243]
[12:59:31 AM] [DcpBz#1] DAMIGHTY: disconnected (Disconnected.)
[1:00:55 AM] [DcpBz#2] DAMIGHTY: joined with identifiers [license:bdd4f04a75097c2760232c3080086c8c7cfcd243; xbl:2535463201100493; live:1688852476113639; discord:268594002046091274; fivem:7505702; license2:bdd4f04a75097c2760232c3080086c8c7cfcd243]
[1:07:12 AM] [DcpBz#2] DAMIGHTY: said "/vector4(-570.35, -919.5, 23.87, 4.14)"
[1:13:40 AM] [DcpBz#2] DAMIGHTY: said "/spawnprinter"
[1:13:45 AM] [DcpBz#2] DAMIGHTY: said "/spawnprinter"
[1:21:12 AM] [DcpBz#2] DAMIGHTY: disconnected (Game crashed: GTA5_b2944.exe!sub_140929C84 (0x33))
[1:27:28 AM] [DcpBz#3] DAMIGHTY: joined with identifiers [license:bdd4f04a75097c2760232c3080086c8c7cfcd243; xbl:2535463201100493; live:1688852476113639; discord:268594002046091274; fivem:7505702; license2:bdd4f04a75097c2760232c3080086c8c7cfcd243]
[1:39:39 AM] [DcpBz#3] DAMIGHTY: said "//spawnprinter"
[1:39:48 AM] [DcpBz#3] DAMIGHTY: said "/spawnprinter"
[1:40:25 AM] [DcpBz#3] DAMIGHTY: said "/e dance"
[1:40:31 AM] [DcpBz#3] DAMIGHTY: said "//e drink"
[1:40:34 AM] [DcpBz#3] DAMIGHTY: said "/e drink"
[1:40:37 AM] [DcpBz#3] DAMIGHTY: said "/e sleep"
[1:41:47 AM] [DcpBz#3] DAMIGHTY: disconnected (Disconnected.)
[2:12:07 AM] txAdmin: Logger started
[2:13:58 AM] [krxrx#1] DAMIGHTY: joined with identifiers [license:bdd4f04a75097c2760232c3080086c8c7cfcd243; xbl:2535463201100493; live:1688852476113639; discord:268594002046091274; fivem:7505702; license2:bdd4f04a75097c2760232c3080086c8c7cfcd243]

================================================================
======== txAdmin Starting - 8/14/2024, 11:06:46 AM              
================================================================
[11:07:15 AM] txAdmin: Logger started

================================================================
======== txAdmin Starting - 8/14/2024, 2:33:30 PM               
================================================================
[2:33:50 PM] txAdmin: Logger started
[2:40:15 PM] txAdmin: Logger started
[2:52:54 PM] txAdmin: Logger started
[3:11:23 PM] txAdmin: Logger started
[3:25:30 PM] txAdmin: Logger started
[3:39:07 PM] txAdmin: Logger started
[3:41:54 PM] [nd9JH#1] DAMIGHTY: joined with identifiers [license:bdd4f04a75097c2760232c3080086c8c7cfcd243; xbl:2535463201100493; live:1688852476113639; discord:268594002046091274; fivem:7505702; license2:bdd4f04a75097c2760232c3080086c8c7cfcd243]
[3:44:22 PM] [nd9JH#1] DAMIGHTY: said "/nc"
[3:52:04 PM] [nd9JH#1] DAMIGHTY: said "/custom"
[3:52:22 PM] [nd9JH#1] DAMIGHTY: said "/custom"
[3:53:53 PM] [nd9JH#1] DAMIGHTY: said "/item"
[4:02:43 PM] [nd9JH#1] DAMIGHTY: disconnected ([txAdmin] Server restarting (requested by DAMIGHTY).)
[4:02:54 PM] txAdmin: Logger started
[4:05:30 PM] [KFLKa#1] DAMIGHTY: joined with identifiers [license:bdd4f04a75097c2760232c3080086c8c7cfcd243; xbl:2535463201100493; live:1688852476113639; discord:268594002046091274; fivem:7505702; license2:bdd4f04a75097c2760232c3080086c8c7cfcd243]
[4:17:25 PM] [KFLKa#1] DAMIGHTY: disconnected (Exiting)
[4:18:47 PM] [KFLKa#2] DAMIGHTY: joined with identifiers [license:bdd4f04a75097c2760232c3080086c8c7cfcd243; xbl:2535463201100493; live:1688852476113639; discord:268594002046091274; fivem:7505702; license2:bdd4f04a75097c2760232c3080086c8c7cfcd243]
[4:28:35 PM] [KFLKa#2] DAMIGHTY: disconnected ([txAdmin] Server restarting (requested by DAMIGHTY).)
[4:28:47 PM] txAdmin: Logger started
[4:30:20 PM] [ATXpY#1] DAMIGHTY: joined with identifiers [license:bdd4f04a75097c2760232c3080086c8c7cfcd243; xbl:2535463201100493; live:1688852476113639; discord:268594002046091274; fivem:7505702; license2:bdd4f04a75097c2760232c3080086c8c7cfcd243]
[4:35:41 PM] [ATXpY#1] DAMIGHTY: died from suicide (Falling)
[4:41:12 PM] [ATXpY#1] DAMIGHTY: said "/print"
[4:45:07 PM] [ATXpY#1] DAMIGHTY: said "/e newspaper2 nil"
[4:46:12 PM] [ATXpY#1] DAMIGHTY: said "/e newspaper2 nil"
[4:55:10 PM] [ATXpY#1] DAMIGHTY: said "a/dv"
[5:22:09 PM] [ATXpY#1] DAMIGHTY: disconnected (Disconnected.)
[5:26:52 PM] [ATXpY#2] DAMIGHTY: joined with identifiers [license:bdd4f04a75097c2760232c3080086c8c7cfcd243; xbl:2535463201100493; live:1688852476113639; discord:268594002046091274; fivem:7505702; license2:bdd4f04a75097c2760232c3080086c8c7cfcd243]
[5:27:14 PM] [ATXpY#2] DAMIGHTY: disconnected (Disconnected.)
