
================================================================
======== txAdmin Starting - 8/12/2024, 12:00:19 AM              
================================================================

================================================================
======== Log Rotated - 8/12/2024, 12:00:19 AM                   
================================================================
[12:00:38 AM] txAdmin: Logger started
[12:02:23 AM] [eU9Gb#1] DAMIGHTY: joined with identifiers [license:bdd4f04a75097c2760232c3080086c8c7cfcd243; xbl:2535463201100493; live:1688852476113639; discord:268594002046091274; fivem:7505702; license2:bdd4f04a75097c2760232c3080086c8c7cfcd243]
[12:07:16 AM] [eU9Gb#1] DAMIGHTY: died from suicide (Falling)
[12:07:29 AM] [eU9Gb#1] DAMIGHTY: disconnected (Exiting)

================================================================
======== txAdmin Starting - 8/12/2024, 12:22:07 AM              
================================================================
[12:22:22 AM] txAdmin: Logger started
[12:24:07 AM] [r9cHH#1] DAMIGHTY: joined with identifiers [license:bdd4f04a75097c2760232c3080086c8c7cfcd243; xbl:2535463201100493; live:1688852476113639; discord:268594002046091274; fivem:7505702; license2:bdd4f04a75097c2760232c3080086c8c7cfcd243]
[12:26:56 AM] [r9cHH#1] DAMIGHTY: disconnected (Exiting)
[12:29:22 AM] [r9cHH#2] DAMIGHTY: joined with identifiers [license:bdd4f04a75097c2760232c3080086c8c7cfcd243; xbl:2535463201100493; live:1688852476113639; discord:268594002046091274; fivem:7505702; license2:bdd4f04a75097c2760232c3080086c8c7cfcd243]
[12:31:29 AM] [r9cHH#2] DAMIGHTY: disconnected (Exiting)
[12:33:47 AM] [r9cHH#3] DAMIGHTY: joined with identifiers [license:bdd4f04a75097c2760232c3080086c8c7cfcd243; xbl:2535463201100493; live:1688852476113639; discord:268594002046091274; fivem:7505702; license2:bdd4f04a75097c2760232c3080086c8c7cfcd243]
[12:36:21 AM] [r9cHH#3] DAMIGHTY: disconnected (Disconnected.)

================================================================
======== txAdmin Starting - 8/12/2024, 3:32:25 AM               
================================================================
[3:32:47 AM] txAdmin: Logger started
[3:33:48 AM] [aAJTW#1] DAMIGHTY: joined with identifiers [license:bdd4f04a75097c2760232c3080086c8c7cfcd243; xbl:2535463201100493; live:1688852476113639; discord:268594002046091274; fivem:7505702; license2:bdd4f04a75097c2760232c3080086c8c7cfcd243]
[3:41:50 AM] [aAJTW#1] DAMIGHTY: said "/box"
[3:48:39 AM] [aAJTW#1] DAMIGHTY: triggered wild attack on [#1] DAMIGHTY
[4:30:09 AM] [aAJTW#1] DAMIGHTY: died from suicide (Falling)
[4:33:56 AM] [aAJTW#1] DAMIGHTY: disconnected (Disconnected.)

================================================================
======== txAdmin Starting - 8/12/2024, 9:33:44 PM               
================================================================
[9:35:07 PM] txAdmin: Logger started
[9:35:52 PM] [FQRJ7#1] DAMIGHTY: joined with identifiers [license:bdd4f04a75097c2760232c3080086c8c7cfcd243; xbl:2535463201100493; live:1688852476113639; discord:268594002046091274; fivem:7505702; license2:bdd4f04a75097c2760232c3080086c8c7cfcd243]
[9:36:25 PM] [FQRJ7#1] DAMIGHTY: disconnected (Disconnected.)

================================================================
======== txAdmin Starting - 8/12/2024, 11:34:51 PM              
================================================================
[11:35:12 PM] txAdmin: Logger started
[11:35:39 PM] [zhbtn#1] DAMIGHTY: joined with identifiers [license:bdd4f04a75097c2760232c3080086c8c7cfcd243; xbl:2535463201100493; live:1688852476113639; discord:268594002046091274; fivem:7505702; license2:bdd4f04a75097c2760232c3080086c8c7cfcd243]
[11:36:00 PM] [zhbtn#1] DAMIGHTY: disconnected (Disconnected.)
[11:39:58 PM] [zhbtn#2] DAMIGHTY: joined with identifiers [license:bdd4f04a75097c2760232c3080086c8c7cfcd243; xbl:2535463201100493; live:1688852476113639; discord:268594002046091274; fivem:7505702; license2:bdd4f04a75097c2760232c3080086c8c7cfcd243]
[11:40:12 PM] [zhbtn#2] DAMIGHTY: disconnected (Disconnected.)

================================================================
======== txAdmin Starting - 8/12/2024, 11:41:39 PM              
================================================================
[11:41:53 PM] txAdmin: Logger started
[11:44:49 PM] [RLqL7#1] DAMIGHTY: joined with identifiers [license:bdd4f04a75097c2760232c3080086c8c7cfcd243; xbl:2535463201100493; live:1688852476113639; discord:268594002046091274; fivem:7505702; license2:bdd4f04a75097c2760232c3080086c8c7cfcd243]
[11:44:55 PM] [RLqL7#1] DAMIGHTY: disconnected (Disconnected.)

================================================================
======== txAdmin Starting - 8/12/2024, 11:46:19 PM              
================================================================
[11:46:33 PM] txAdmin: Logger started
[11:47:12 PM] [QbJ9q#1] DAMIGHTY: joined with identifiers [license:bdd4f04a75097c2760232c3080086c8c7cfcd243; xbl:2535463201100493; live:1688852476113639; discord:268594002046091274; fivem:7505702; license2:bdd4f04a75097c2760232c3080086c8c7cfcd243]
[11:47:27 PM] [QbJ9q#1] DAMIGHTY: disconnected (Disconnected.)

================================================================
======== txAdmin Starting - 8/12/2024, 11:50:17 PM              
================================================================

================================================================
======== txAdmin Starting - 8/12/2024, 11:51:38 PM              
================================================================
[11:52:04 PM] txAdmin: Logger started
[11:52:35 PM] [4zW3j#1] DAMIGHTY: joined with identifiers [license:bdd4f04a75097c2760232c3080086c8c7cfcd243; xbl:2535463201100493; live:1688852476113639; discord:268594002046091274; fivem:7505702; license2:bdd4f04a75097c2760232c3080086c8c7cfcd243]
[11:53:16 PM] [4zW3j#1] DAMIGHTY: disconnected (Disconnected.)
