
================================================================
======== txAdmin Starting - 8/22/2024, 1:44:22 AM               
================================================================

================================================================
======== Log Rotated - 8/22/2024, 1:44:22 AM                    
================================================================
[1:44:47 AM] txAdmin: Logger started
[1:47:30 AM] [GmXBb#1] DAMIGHTY: joined with identifiers [license:bdd4f04a75097c2760232c3080086c8c7cfcd243; xbl:2535463201100493; live:1688852476113639; discord:268594002046091274; fivem:7505702; license2:bdd4f04a75097c2760232c3080086c8c7cfcd243]
[2:12:39 AM] [GmXBb#1] DAMIGHTY: said "/showidy"
[2:12:43 AM] [GmXBb#1] DAMIGHTY: said "/showidy"
[2:23:25 AM] [GmXBb#1] DAMIGHTY: disconnected (Exiting)

================================================================
======== txAdmin Starting - 8/22/2024, 10:17:44 AM              
================================================================
[10:18:00 AM] txAdmin: Logger started
[10:19:07 AM] [PRrJp#1] DAMIGHTY: joined with identifiers [license:bdd4f04a75097c2760232c3080086c8c7cfcd243; xbl:2535463201100493; live:1688852476113639; discord:268594002046091274; fivem:7505702; license2:bdd4f04a75097c2760232c3080086c8c7cfcd243]
[11:23:42 AM] [PRrJp#1] DAMIGHTY: disconnected (Disconnected.)

================================================================
======== txAdmin Starting - 8/22/2024, 12:17:18 PM              
================================================================
[12:17:35 PM] txAdmin: Logger started
[12:18:07 PM] [VE3JA#1] DAMIGHTY: joined with identifiers [license:bdd4f04a75097c2760232c3080086c8c7cfcd243; xbl:2535463201100493; live:1688852476113639; discord:268594002046091274; fivem:7505702; license2:bdd4f04a75097c2760232c3080086c8c7cfcd243]
[12:19:50 PM] [VE3JA#1] DAMIGHTY: disconnected (Exiting)

================================================================
======== txAdmin Starting - 8/22/2024, 3:25:55 PM               
================================================================
[3:26:18 PM] txAdmin: Logger started
[3:26:55 PM] [V7rhX#1] DAMIGHTY: joined with identifiers [license:bdd4f04a75097c2760232c3080086c8c7cfcd243; xbl:2535463201100493; live:1688852476113639; discord:268594002046091274; fivem:7505702; license2:bdd4f04a75097c2760232c3080086c8c7cfcd243]
[3:27:39 PM] [V7rhX#1] DAMIGHTY: said "/showid"
[5:13:41 PM] [V7rhX#1] DAMIGHTY: died from suicide (Falling)
[6:18:32 PM] [V7rhX#1] DAMIGHTY: disconnected (Exiting)
