
================================================================
======== Log Rotated - 8/11/2024, 12:00:00 AM                   
================================================================
[12:05:36 AM] [FKppG#1] DAMIGHTY: disconnected ([txAdmin] Server restarting (requested by DAMIGHTY).)
[12:05:46 AM] txAdmin: Logger started
[12:06:24 AM] txAdmin: Logger started
[12:06:54 AM] [PQBdn#1] DAMIGHTY: joined with identifiers [license:bdd4f04a75097c2760232c3080086c8c7cfcd243; xbl:2535463201100493; live:1688852476113639; discord:268594002046091274; fivem:7505702; license2:bdd4f04a75097c2760232c3080086c8c7cfcd243]
[12:07:59 AM] [PQBdn#1] DAMIGHTY: disconnected (Exiting)

================================================================
======== txAdmin Starting - 8/11/2024, 4:32:56 AM               
================================================================
[4:33:24 AM] txAdmin: Logger started
[4:36:09 AM] [JFehi#1] DAMIGHTY: joined with identifiers [license:bdd4f04a75097c2760232c3080086c8c7cfcd243; xbl:2535463201100493; live:1688852476113639; discord:268594002046091274; fivem:7505702; license2:bdd4f04a75097c2760232c3080086c8c7cfcd243]
[4:45:54 AM] [JFehi#1] DAMIGHTY: disconnected (Disconnected.)

================================================================
======== txAdmin Starting - 8/11/2024, 4:59:08 AM               
================================================================
[4:59:22 AM] txAdmin: Logger started

================================================================
======== txAdmin Starting - 8/11/2024, 3:07:53 PM               
================================================================
[3:08:12 PM] txAdmin: Logger started

================================================================
======== txAdmin Starting - 8/11/2024, 3:13:22 PM               
================================================================
[3:13:36 PM] txAdmin: Logger started
[3:14:29 PM] [rfw44#1] DAMIGHTY: joined with identifiers [license:bdd4f04a75097c2760232c3080086c8c7cfcd243; xbl:2535463201100493; live:1688852476113639; discord:268594002046091274; fivem:7505702; license2:bdd4f04a75097c2760232c3080086c8c7cfcd243]
[3:14:59 PM] [rfw44#1] DAMIGHTY: disconnected (Disconnected.)
[3:17:22 PM] txAdmin: Logger started
[3:17:51 PM] [Xwxfa#1] DAMIGHTY: joined with identifiers [license:bdd4f04a75097c2760232c3080086c8c7cfcd243; xbl:2535463201100493; live:1688852476113639; discord:268594002046091274; fivem:7505702; license2:bdd4f04a75097c2760232c3080086c8c7cfcd243]
[3:18:41 PM] [Xwxfa#1] DAMIGHTY: died from suicide (Falling)
[3:18:42 PM] [Xwxfa#1] DAMIGHTY: disconnected (Exiting)

================================================================
======== txAdmin Starting - 8/11/2024, 5:20:23 PM               
================================================================
[5:20:48 PM] txAdmin: Logger started

================================================================
======== txAdmin Starting - 8/11/2024, 5:27:48 PM               
================================================================
[5:28:02 PM] txAdmin: Logger started
[5:33:08 PM] [iDNNF#1] DAMIGHTY: joined with identifiers [license:bdd4f04a75097c2760232c3080086c8c7cfcd243; xbl:2535463201100493; live:1688852476113639; discord:268594002046091274; fivem:7505702; license2:bdd4f04a75097c2760232c3080086c8c7cfcd243]
[5:34:56 PM] [iDNNF#1] DAMIGHTY: said "/god"
[5:38:33 PM] [iDNNF#1] DAMIGHTY: said "/box"
[5:38:38 PM] [iDNNF#1] DAMIGHTY: said "/e box"
[5:38:45 PM] [iDNNF#1] DAMIGHTY: said "/creat box"
[5:38:59 PM] [iDNNF#1] DAMIGHTY: said "/caixa"
[5:47:50 PM] [iDNNF#1] DAMIGHTY: said "/giveweapon 1 knife "
[5:52:11 PM] [iDNNF#1] DAMIGHTY: said "/adminitenss"
[5:52:13 PM] [iDNNF#1] DAMIGHTY: said "/adminitens"
[5:52:28 PM] [iDNNF#1] DAMIGHTY: said "/adminitems"
[5:52:57 PM] [iDNNF#1] DAMIGHTY: enabled super jump
[5:53:28 PM] [iDNNF#1] DAMIGHTY: enabled god mode
[5:55:25 PM] [iDNNF#1] DAMIGHTY: summoned player [#1] DAMIGHTY
[5:55:45 PM] [iDNNF#1] DAMIGHTY: set [#1] DAMIGHTY on fire
[5:55:47 PM] [iDNNF#1] DAMIGHTY: triggered wild attack on [#1] DAMIGHTY
[5:55:48 PM] [iDNNF#1] DAMIGHTY: triggered wild attack on [#1] DAMIGHTY
[6:45:12 PM] [iDNNF#1] DAMIGHTY: disconnected (Exiting)
[7:05:08 PM] [iDNNF#2] DAMIGHTY: joined with identifiers [license:bdd4f04a75097c2760232c3080086c8c7cfcd243; xbl:2535463201100493; live:1688852476113639; discord:268594002046091274; fivem:7505702; license2:bdd4f04a75097c2760232c3080086c8c7cfcd243]
[7:06:04 PM] [iDNNF#2] DAMIGHTY: disconnected (Exiting)

================================================================
======== txAdmin Starting - 8/11/2024, 7:21:39 PM               
================================================================
[7:22:02 PM] txAdmin: Logger started
[7:22:49 PM] [YpxG7#1] DAMIGHTY: joined with identifiers [license:bdd4f04a75097c2760232c3080086c8c7cfcd243; xbl:2535463201100493; live:1688852476113639; discord:268594002046091274; fivem:7505702; license2:bdd4f04a75097c2760232c3080086c8c7cfcd243]
[7:24:01 PM] [YpxG7#1] DAMIGHTY: disconnected (Disconnected.)

================================================================
======== txAdmin Starting - 8/11/2024, 8:00:43 PM               
================================================================
[8:00:58 PM] txAdmin: Logger started
[8:02:22 PM] [PTaCh#1] DAMIGHTY: joined with identifiers [license:bdd4f04a75097c2760232c3080086c8c7cfcd243; xbl:2535463201100493; live:1688852476113639; discord:268594002046091274; fivem:7505702; license2:bdd4f04a75097c2760232c3080086c8c7cfcd243]
[8:04:13 PM] [PTaCh#1] DAMIGHTY: disconnected (Exiting)

================================================================
======== txAdmin Starting - 8/11/2024, 11:42:46 PM              
================================================================
[11:43:17 PM] txAdmin: Logger started
[11:44:17 PM] [YTYE8#1] DAMIGHTY: joined with identifiers [license:bdd4f04a75097c2760232c3080086c8c7cfcd243; xbl:2535463201100493; live:1688852476113639; discord:268594002046091274; fivem:7505702; license2:bdd4f04a75097c2760232c3080086c8c7cfcd243]
[11:45:36 PM] [YTYE8#1] DAMIGHTY: disconnected (Disconnected.)
